<?xml version="1.0" encoding="UTF-8"?>
<!-- Generated by org.testng.reporters.JUnitReportReporter -->
<testsuite hostname="DESKTOP-1EIV60U" failures="0" tests="1" name="functional_TestCase.TestSpiceShop_Page" time="0.000" errors="0" timestamp="2023-01-12T16:03:21 IST" skipped="1">
  <testcase classname="functional_TestCase.TestSpiceShop_Page" name="caseThree" time="0.000">
    <skipped/>
  </testcase> <!-- caseThree -->
  <system-out/>
</testsuite> <!-- functional_TestCase.TestSpiceShop_Page -->
