<?xml version="1.0" encoding="UTF-8"?>
<!-- Generated by org.testng.reporters.JUnitReportReporter -->
<testsuite hostname="DESKTOP-1EIV60U" failures="0" tests="1" name="functional_TestCase.TestFormData" time="14.429" errors="0" timestamp="2023-01-17T13:43:50 IST" skipped="0">
  <testcase classname="functional_TestCase.TestFormData" name="form1" time="14.429"/>
  <system-out/>
</testsuite> <!-- functional_TestCase.TestFormData -->
