<?xml version="1.0" encoding="UTF-8"?>
<!-- Generated by org.testng.reporters.JUnitReportReporter -->
<testsuite hostname="DESKTOP-1EIV60U" failures="0" tests="1" name="testCase.Case1" time="9.078" errors="0" timestamp="2022-12-29T15:31:04 IST" skipped="0">
  <testcase classname="testCase.Case1" name="caseOne" time="9.078"/>
  <system-out/>
</testsuite> <!-- testCase.Case1 -->
