<?xml version="1.0" encoding="UTF-8"?>
<!-- Generated by org.testng.reporters.JUnitReportReporter -->
<testsuite hostname="DESKTOP-1EIV60U" failures="0" tests="1" name="functional_TestCase.TestHomePage" time="82.159" errors="0" timestamp="2023-01-14T20:49:23 IST" skipped="0">
  <testcase classname="functional_TestCase.TestHomePage" name="caseTwo" time="82.159"/>
  <system-out/>
</testsuite> <!-- functional_TestCase.TestHomePage -->
