<?xml version="1.0" encoding="UTF-8"?>
<!-- Generated by org.testng.reporters.JUnitReportReporter -->
<testsuite hostname="DESKTOP-1EIV60U" failures="0" tests="1" name="testCase.E2E" time="24.770" errors="0" timestamp="2022-12-29T16:50:18 IST" skipped="0">
  <testcase classname="testCase.E2E" name="caseOne" time="24.770"/>
  <system-out/>
</testsuite> <!-- testCase.E2E -->
